Log file open, 03/10/22 17:20:42
LogWindows: Failed to load 'aqProf.dll' (GetLastError=126)
LogWindows: File 'aqProf.dll' does not exist
LogWindows: Failed to load 'VtuneApi.dll' (GetLastError=126)
LogWindows: File 'VtuneApi.dll' does not exist
LogWindows: Failed to load 'VtuneApi32e.dll' (GetLastError=126)
LogWindows: File 'VtuneApi32e.dll' does not exist
LogConsoleResponse: Display: Failed to find resolution value strings in scalability ini. Falling back to default.
LogInit: Display: Running engine for game: gamedemoproject
LogPlatformFile: Not using cached read wrapper
LogTaskGraph: Started task graph with 5 named threads and 47 total threads with 3 sets of task threads.
LogStats: Stats thread started at 0.059767
LogD3D11RHI: Loaded GFSDK_Aftermath_Lib.x64.dll
LogICUInternationalization: ICU TimeZone Detection - Raw Offset: +0:00, Platform Override: ''
LogPluginManager: Mounting plugin Paper2D
LogPluginManager: Mounting plugin AISupport
LogPluginManager: Mounting plugin LightPropagationVolume
LogPluginManager: Mounting plugin ActorLayerUtilities
LogPluginManager: Mounting plugin AnimationSharing
LogPluginManager: Mounting plugin CLionSourceCodeAccess
LogPluginManager: Mounting plugin CodeLiteSourceCodeAccess
LogPluginManager: Mounting plugin GitSourceControl
LogPluginManager: Mounting plugin KDevelopSourceCodeAccess
LogPluginManager: Mounting plugin NullSourceCodeAccess
LogPluginManager: Mounting plugin PerforceSourceControl
LogPluginManager: Mounting plugin PlasticSourceControl
LogPluginManager: Mounting plugin SubversionSourceControl
LogPluginManager: Mounting plugin UObjectPlugin
LogPluginManager: Mounting plugin VisualStudioCodeSourceCodeAccess
LogPluginManager: Mounting plugin VisualStudioSourceCodeAccess
LogPluginManager: Mounting plugin XCodeSourceCodeAccess
LogPluginManager: Mounting plugin AssetManagerEditor
LogPluginManager: Mounting plugin CryptoKeys
LogPluginManager: Mounting plugin CurveEditorTools
LogPluginManager: Mounting plugin DataValidation
LogPluginManager: Mounting plugin FacialAnimation
LogPluginManager: Mounting plugin GameplayTagsEditor
LogPluginManager: Mounting plugin MacGraphicsSwitching
LogPluginManager: Mounting plugin MaterialAnalyzer
LogPluginManager: Mounting plugin MobileLauncherProfileWizard
LogPluginManager: Mounting plugin PluginBrowser
LogPluginManager: Mounting plugin SpeedTreeImporter
LogPluginManager: Mounting plugin DatasmithContent
LogPluginManager: Mounting plugin VariantManagerContent
LogPluginManager: Mounting plugin AlembicImporter
LogPluginManager: Mounting plugin AutomationUtils
LogPluginManager: Mounting plugin BackChannel
LogPluginManager: Mounting plugin CharacterAI
LogPluginManager: Mounting plugin GeometryCache
LogPluginManager: Mounting plugin PlatformCrypto
LogPluginManager: Mounting plugin ProxyLODPlugin
LogPluginManager: Mounting plugin SkeletalReduction
LogPluginManager: Mounting plugin MagicLeap
LogPluginManager: Mounting plugin MagicLeapMedia
LogPluginManager: Mounting plugin MLSDK
LogPluginManager: Mounting plugin AndroidMedia
LogPluginManager: Mounting plugin AvfMedia
LogPluginManager: Mounting plugin ImgMedia
LogPluginManager: Mounting plugin MediaCompositing
LogPluginManager: Mounting plugin MediaPlayerEditor
LogPluginManager: Mounting plugin WebMMedia
LogPluginManager: Mounting plugin WmfMedia
LogPluginManager: Mounting plugin TcpMessaging
LogPluginManager: Mounting plugin UdpMessaging
LogPluginManager: Mounting plugin ActorSequence
LogPluginManager: Mounting plugin LevelSequenceEditor
LogPluginManager: Mounting plugin MatineeToLevelSequence
LogPluginManager: Mounting plugin NetcodeUnitTest
LogPluginManager: Mounting plugin NUTUnrealEngine4
LogPluginManager: Mounting plugin OnlineSubsystemGooglePlay
LogPluginManager: Mounting plugin OnlineSubsystemIOS
LogPluginManager: Mounting plugin OnlineSubsystem
LogPluginManager: Mounting plugin OnlineSubsystemNull
LogPluginManager: Mounting plugin OnlineSubsystemUtils
LogPluginManager: Mounting plugin LauncherChunkInstaller
LogPluginManager: Mounting plugin AndroidDeviceProfileSelector
LogPluginManager: Mounting plugin AndroidMoviePlayer
LogPluginManager: Mounting plugin AndroidPermission
LogPluginManager: Mounting plugin AppleImageUtils
LogPluginManager: Mounting plugin AppleMoviePlayer
LogPluginManager: Mounting plugin ArchVisCharacter
LogPluginManager: Mounting plugin AssetTags
LogPluginManager: Mounting plugin AudioCapture
LogPluginManager: Mounting plugin CableComponent
LogPluginManager: Mounting plugin CustomMeshComponent
LogPluginManager: Mounting plugin EditableMesh
LogPluginManager: Mounting plugin ExampleDeviceProfileSelector
LogPluginManager: Mounting plugin GoogleCloudMessaging
LogPluginManager: Mounting plugin IOSDeviceProfileSelector
LogPluginManager: Mounting plugin LinuxDeviceProfileSelector
LogPluginManager: Mounting plugin LocationServicesBPLibrary
LogPluginManager: Mounting plugin MobilePatchingUtils
LogPluginManager: Mounting plugin OculusVR
LogPluginManager: Mounting plugin PhysXVehicles
LogPluginManager: Mounting plugin PostSplashScreen
LogPluginManager: Mounting plugin ProceduralMeshComponent
LogPluginManager: Mounting plugin RuntimePhysXCooking
LogPluginManager: Mounting plugin SignificanceManager
LogPluginManager: Mounting plugin SteamVR
LogPluginManager: Mounting plugin WebMMoviePlayer
LogPluginManager: Mounting plugin WindowsMoviePlayer
LogPluginManager: Mounting plugin ScreenshotTools
LogInit: Using libcurl 7.55.1-DEV
LogInit:  - built for x86_64-pc-win32
LogInit:  - supports SSL with OpenSSL/1.1.1
LogInit:  - supports HTTP deflate (compression) using libz 1.2.8
LogInit:  - other features:
LogInit:      CURL_VERSION_SSL
LogInit:      CURL_VERSION_LIBZ
LogInit:      CURL_VERSION_IPV6
LogInit:      CURL_VERSION_ASYNCHDNS
LogInit:      CURL_VERSION_LARGEFILE
LogInit:      CURL_VERSION_IDN
LogInit:  CurlRequestOptions (configurable via config and command line):
LogInit:  - bVerifyPeer = true  - Libcurl will verify peer certificate
LogInit:  - bUseHttpProxy = false  - Libcurl will NOT use HTTP proxy
LogInit:  - bDontReuseConnections = false  - Libcurl will reuse connections
LogInit:  - MaxHostConnections = 16  - Libcurl will limit the number of connections to a host
LogInit:  - LocalHostAddr = Default
LogInit:  - BufferSize = 65536
LogOnline: OSS: Creating online subsystem instance for: NULL
LogInit: WinSock: version 1.1 (2.2), MaxSocks=32767, MaxUdp=65467
LogOnline: OSS: TryLoadSubsystemAndSetDefault: Loaded subsystem for module [NULL]
LogInit: Build: ++UE4+Release-4.24-CL-11590370
LogInit: Engine Version: 4.24.3-11590370+++UE4+Release-4.24
LogInit: Compatible Engine Version: 4.24.0-10570792+++UE4+Release-4.24
LogInit: Net CL: 10570792
LogInit: OS: Windows 10 (Release 2009) (), CPU: AMD Ryzen 9 4900HS with Radeon Graphics         , GPU: AMD Radeon(TM) Graphics
LogInit: Compiled (64-bit): Feb 24 2020 15:39:18
LogInit: Compiled with Visual C++: 19.16.27032.01
LogInit: Build Configuration: Development
LogInit: Branch Name: ++UE4+Release-4.24
LogInit: Command Line: 
LogInit: Base Directory: C:/Program Files/Epic Games/UE_4.24/Engine/Binaries/Win64/
LogInit: Installed Engine Build: 1
LogDevObjectVersion: Number of dev versions registered: 25
LogDevObjectVersion:   Dev-Blueprints (B0D832E4-1F89-4F0D-ACCF-7EB736FD4AA2): 10
LogDevObjectVersion:   Dev-Build (E1C64328-A22C-4D53-A36C-8E866417BD8C): 0
LogDevObjectVersion:   Dev-Core (375EC13C-06E4-48FB-B500-84F0262A717E): 3
LogDevObjectVersion:   Dev-Editor (E4B068ED-F494-42E9-A231-DA0B2E46BB41): 37
LogDevObjectVersion:   Dev-Framework (CFFC743F-43B0-4480-9391-14DF171D2073): 36
LogDevObjectVersion:   Dev-Mobile (B02B49B5-BB20-44E9-A304-32B752E40360): 2
LogDevObjectVersion:   Dev-Networking (A4E4105C-59A1-49B5-A7C5-40C4547EDFEE): 0
LogDevObjectVersion:   Dev-Online (39C831C9-5AE6-47DC-9A44-9C173E1C8E7C): 0
LogDevObjectVersion:   Dev-Physics (78F01B33-EBEA-4F98-B9B4-84EACCB95AA2): 2
LogDevObjectVersion:   Dev-Platform (6631380F-2D4D-43E0-8009-CF276956A95A): 0
LogDevObjectVersion:   Dev-Rendering (12F88B9F-8875-4AFC-A67C-D90C383ABD29): 36
LogDevObjectVersion:   Dev-Sequencer (7B5AE74C-D270-4C10-A958-57980B212A5A): 11
LogDevObjectVersion:   Dev-VR (D7296918-1DD6-4BDD-9DE2-64A83CC13884): 2
LogDevObjectVersion:   Dev-LoadTimes (C2A15278-BFE7-4AFE-6C17-90FF531DF755): 1
LogDevObjectVersion:   Private-Geometry (6EACA3D4-40EC-4CC1-B786-8BED09428FC5): 3
LogDevObjectVersion:   Dev-AnimPhys (29E575DD-E0A3-4627-9D10-D276232CDCEA): 17
LogDevObjectVersion:   Dev-Anim (AF43A65D-7FD3-4947-9873-3E8ED9C1BB05): 2
LogDevObjectVersion:   Dev-ReflectionCapture (6B266CEC-1EC7-4B8F-A30B-E4D90942FC07): 1
LogDevObjectVersion:   Dev-Automation (0DF73D61-A23F-47EA-B727-89E90C41499A): 1
LogDevObjectVersion:   FortniteMain (601D1886-AC64-4F84-AA16-D3DE0DEAC7D6): 31
LogDevObjectVersion:   Dev-Enterprise (9DFFBCD6-494F-0158-E221-12823C92A888): 8
LogDevObjectVersion:   Dev-Niagara (F2AED0AC-9AFE-416F-8664-AA7FFA26D6FC): 1
LogDevObjectVersion:   Dev-Destruction (174F1F0B-B4C6-45A5-B13F-2EE8D0FB917D): 9
LogDevObjectVersion:   Dev-Physics-Ext (35F94A83-E258-406C-A318-09F59610247C): 8
LogDevObjectVersion:   Dev-CineCamera (B2E18506-4273-CFC2-A54E-F4BB758BBA07): 1
LogInit: Presizing for max 25165824 objects, including 0 objects not considered by GC, pre-allocating 0 bytes for permanent pool.
LogInit: Object subsystem initialized
LogConfig: Setting CVar [[con.DebugEarlyDefault:1]]
LogConfig: Setting CVar [[r.setres:1280x720]]
[2022.03.10-17.20.42:610][  0]LogConfig: Setting CVar [[r.VSync:0]]
[2022.03.10-17.20.42:610][  0]LogConfig: Setting CVar [[r.RHICmdBypass:0]]
[2022.03.10-17.20.42:610][  0]LogConfig: Applying CVar settings from Section [/Script/Engine.RendererSettings] File [D:/Game_Design/goldsmiths class works/term2/game design/github/demoproject/gamedemoproject/Saved/Config/Windows/Engine.ini]
[2022.03.10-17.20.42:610][  0]LogConfig: Setting CVar [[r.GPUCrashDebugging:0]]
[2022.03.10-17.20.42:610][  0]LogConfig: Setting CVar [[r.MobileHDR:1]]
[2022.03.10-17.20.42:610][  0]LogConfig: Setting CVar [[r.Mobile.DisableVertexFog:1]]
[2022.03.10-17.20.42:610][  0]LogConfig: Setting CVar [[r.Shadow.CSM.MaxMobileCascades:2]]
[2022.03.10-17.20.42:610][  0]LogConfig: Setting CVar [[r.MobileMSAA:1]]
[2022.03.10-17.20.42:610][  0]LogConfig: Setting CVar [[r.Mobile.UseLegacyShadingModel:0]]
[2022.03.10-17.20.42:610][  0]LogConfig: Setting CVar [[r.Mobile.UseHWsRGBEncoding:0]]
[2022.03.10-17.20.42:610][  0]LogConfig: Setting CVar [[r.Mobile.AllowDitheredLODTransition:0]]
[2022.03.10-17.20.42:610][  0]LogConfig: Setting CVar [[r.Mobile.AllowSoftwareOcclusion:0]]
[2022.03.10-17.20.42:610][  0]LogConfig: Setting CVar [[r.DiscardUnusedQuality:0]]
[2022.03.10-17.20.42:610][  0]LogConfig: Setting CVar [[r.AllowOcclusionQueries:1]]
[2022.03.10-17.20.42:610][  0]LogConfig: Setting CVar [[r.MinScreenRadiusForLights:0.030000]]
[2022.03.10-17.20.42:610][  0]LogConfig: Setting CVar [[r.MinScreenRadiusForDepthPrepass:0.030000]]
[2022.03.10-17.20.42:610][  0]LogConfig: Setting CVar [[r.MinScreenRadiusForCSMDepth:0.010000]]
[2022.03.10-17.20.42:610][  0]LogConfig: Setting CVar [[r.PrecomputedVisibilityWarning:0]]
[2022.03.10-17.20.42:610][  0]LogConfig: Setting CVar [[r.TextureStreaming:1]]
[2022.03.10-17.20.42:610][  0]LogConfig: Setting CVar [[Compat.UseDXT5NormalMaps:0]]
[2022.03.10-17.20.42:610][  0]LogConfig: Setting CVar [[r.VirtualTextures:0]]
[2022.03.10-17.20.42:610][  0]LogConfig: Setting CVar [[r.VirtualTexturedLightmaps:0]]
[2022.03.10-17.20.42:610][  0]LogConfig: Setting CVar [[r.VT.TileSize:128]]
[2022.03.10-17.20.42:610][  0]LogConfig: Setting CVar [[r.VT.TileBorderSize:4]]
[2022.03.10-17.20.42:610][  0]LogConfig: Setting CVar [[r.vt.FeedbackFactor:16]]
[2022.03.10-17.20.42:610][  0]LogConfig: Setting CVar [[r.VT.EnableCompressZlib:1]]
[2022.03.10-17.20.42:610][  0]LogConfig: Setting CVar [[r.VT.EnableCompressCrunch:0]]
[2022.03.10-17.20.42:610][  0]LogConfig: Setting CVar [[r.ClearCoatNormal:0]]
[2022.03.10-17.20.42:610][  0]LogConfig: Setting CVar [[r.ReflectionCaptureResolution:128]]
[2022.03.10-17.20.42:610][  0]LogConfig: Setting CVar [[r.ReflectionEnvironmentLightmapMixBasedOnRoughness:1]]
[2022.03.10-17.20.42:610][  0]LogConfig: Setting CVar [[r.ForwardShading:0]]
[2022.03.10-17.20.42:610][  0]LogConfig: Setting CVar [[r.VertexFoggingForOpaque:1]]
[2022.03.10-17.20.42:610][  0]LogConfig: Setting CVar [[r.AllowStaticLighting:1]]
[2022.03.10-17.20.42:610][  0]LogConfig: Setting CVar [[r.NormalMapsForStaticLighting:0]]
[2022.03.10-17.20.42:610][  0]LogConfig: Setting CVar [[r.GenerateMeshDistanceFields:0]]
[2022.03.10-17.20.42:610][  0]LogConfig: Setting CVar [[r.DistanceFieldBuild.EightBit:0]]
[2022.03.10-17.20.42:610][  0]LogConfig: Setting CVar [[r.GenerateLandscapeGIData:0]]
[2022.03.10-17.20.42:610][  0]LogConfig: Setting CVar [[r.DistanceFieldBuild.Compress:0]]
[2022.03.10-17.20.42:610][  0]LogConfig: Setting CVar [[r.TessellationAdaptivePixelsPerTriangle:48.000000]]
[2022.03.10-17.20.42:610][  0]LogConfig: Setting CVar [[r.SeparateTranslucency:1]]
[2022.03.10-17.20.42:611][  0]LogConfig: Setting CVar [[r.TranslucentSortPolicy:0]]
[2022.03.10-17.20.42:611][  0]LogConfig: Setting CVar [[r.CustomDepth:1]]
[2022.03.10-17.20.42:611][  0]LogConfig: Setting CVar [[r.CustomDepthTemporalAAJitter:1]]
[2022.03.10-17.20.42:611][  0]LogConfig: Setting CVar [[r.PostProcessing.PropagateAlpha:0]]
[2022.03.10-17.20.42:611][  0]LogConfig: Setting CVar [[r.DefaultFeature.Bloom:1]]
[2022.03.10-17.20.42:611][  0]LogConfig: Setting CVar [[r.DefaultFeature.AmbientOcclusion:1]]
[2022.03.10-17.20.42:611][  0]LogConfig: Setting CVar [[r.DefaultFeature.AmbientOcclusionStaticFraction:1]]
[2022.03.10-17.20.42:611][  0]LogConfig: Setting CVar [[r.DefaultFeature.AutoExposure:0]]
[2022.03.10-17.20.42:611][  0]LogConfig: Setting CVar [[r.DefaultFeature.AutoExposure.Method:0]]
[2022.03.10-17.20.42:611][  0]LogConfig: Setting CVar [[r.DefaultFeature.AutoExposure.ExtendDefaultLuminanceRange:0]]
[2022.03.10-17.20.42:611][  0]LogConfig: Setting CVar [[r.UsePreExposure:1]]
[2022.03.10-17.20.42:611][  0]LogConfig: Setting CVar [[r.EyeAdaptation.EditorOnly:1]]
[2022.03.10-17.20.42:611][  0]LogConfig: Setting CVar [[r.DefaultFeature.MotionBlur:0]]
[2022.03.10-17.20.42:611][  0]LogConfig: Setting CVar [[r.DefaultFeature.LensFlare:0]]
[2022.03.10-17.20.42:611][  0]LogConfig: Setting CVar [[r.TemporalAA.Upsampling:0]]
[2022.03.10-17.20.42:611][  0]LogConfig: Setting CVar [[r.SSGI.Enable:0]]
[2022.03.10-17.20.42:611][  0]LogConfig: Setting CVar [[r.DefaultFeature.AntiAliasing:0]]
[2022.03.10-17.20.42:611][  0]LogConfig: Setting CVar [[r.DefaultFeature.LightUnits:1]]
[2022.03.10-17.20.42:611][  0]LogConfig: Setting CVar [[r.DefaultBackBufferPixelFormat:4]]
[2022.03.10-17.20.42:611][  0]LogConfig: Setting CVar [[r.Shadow.UnbuiltPreviewInGame:1]]
[2022.03.10-17.20.42:611][  0]LogConfig: Setting CVar [[r.StencilForLODDither:0]]
[2022.03.10-17.20.42:611][  0]LogConfig: Setting CVar [[r.EarlyZPass:3]]
[2022.03.10-17.20.42:611][  0]LogConfig: Setting CVar [[r.EarlyZPassOnlyMaterialMasking:0]]
[2022.03.10-17.20.42:611][  0]LogConfig: Setting CVar [[r.DBuffer:1]]
[2022.03.10-17.20.42:611][  0]LogConfig: Setting CVar [[r.ClearSceneMethod:1]]
[2022.03.10-17.20.42:611][  0]LogConfig: Setting CVar [[r.BasePassOutputsVelocity:0]]
[2022.03.10-17.20.42:611][  0]LogConfig: Setting CVar [[r.SelectiveBasePassOutputs:0]]
[2022.03.10-17.20.42:611][  0]LogConfig: Setting CVar [[fx.GPUSimulationTextureSizeX:1024]]
[2022.03.10-17.20.42:611][  0]LogConfig: Setting CVar [[fx.GPUSimulationTextureSizeY:1024]]
[2022.03.10-17.20.42:611][  0]LogConfig: Setting CVar [[r.AllowGlobalClipPlane:0]]
[2022.03.10-17.20.42:611][  0]LogConfig: Setting CVar [[r.GBufferFormat:1]]
[2022.03.10-17.20.42:611][  0]LogConfig: Setting CVar [[r.MorphTarget.Mode:1]]
[2022.03.10-17.20.42:611][  0]LogConfig: Setting CVar [[vr.InstancedStereo:0]]
[2022.03.10-17.20.42:611][  0]LogConfig: Setting CVar [[vr.MultiView:0]]
[2022.03.10-17.20.42:611][  0]LogConfig: Setting CVar [[vr.MobileMultiView:0]]
[2022.03.10-17.20.42:611][  0]LogConfig: Setting CVar [[vr.MobileMultiView.Direct:0]]
[2022.03.10-17.20.42:611][  0]LogConfig: Setting CVar [[vr.RoundRobinOcclusion:0]]
[2022.03.10-17.20.42:611][  0]LogConfig: Setting CVar [[vr.ODSCapture:0]]
[2022.03.10-17.20.42:611][  0]LogConfig: Setting CVar [[r.WireframeCullThreshold:5.000000]]
[2022.03.10-17.20.42:611][  0]LogConfig: Setting CVar [[r.RayTracing:0]]
[2022.03.10-17.20.42:611][  0]LogConfig: Setting CVar [[r.RayTracing.UseTextureLod:0]]
[2022.03.10-17.20.42:611][  0]LogConfig: Setting CVar [[r.SupportStationarySkylight:1]]
[2022.03.10-17.20.42:611][  0]LogConfig: Setting CVar [[r.SupportLowQualityLightmaps:1]]
[2022.03.10-17.20.42:611][  0]LogConfig: Setting CVar [[r.SupportPointLightWholeSceneShadows:1]]
[2022.03.10-17.20.42:611][  0]LogConfig: Setting CVar [[r.SupportAtmosphericFog:1]]
[2022.03.10-17.20.42:611][  0]LogConfig: Setting CVar [[r.SupportSkyAtmosphere:1]]
[2022.03.10-17.20.42:611][  0]LogConfig: Setting CVar [[r.SupportSkyAtmosphereAffectsHeightFog:0]]
[2022.03.10-17.20.42:611][  0]LogConfig: Setting CVar [[r.SkinCache.CompileShaders:0]]
[2022.03.10-17.20.42:611][  0]LogConfig: Setting CVar [[r.Mobile.EnableStaticAndCSMShadowReceivers:1]]
[2022.03.10-17.20.42:611][  0]LogConfig: Setting CVar [[r.Mobile.EnableMovableLightCSMShaderCulling:1]]
[2022.03.10-17.20.42:611][  0]LogConfig: Setting CVar [[r.Mobile.AllowDistanceFieldShadows:1]]
[2022.03.10-17.20.42:611][  0]LogConfig: Setting CVar [[r.Mobile.AllowMovableDirectionalLights:1]]
[2022.03.10-17.20.42:611][  0]LogConfig: Setting CVar [[r.MobileNumDynamicPointLights:4]]
[2022.03.10-17.20.42:611][  0]LogConfig: Setting CVar [[r.MobileDynamicPointLightsUseStaticBranch:1]]
[2022.03.10-17.20.42:611][  0]LogConfig: Setting CVar [[r.Mobile.EnableMovableSpotlights:0]]
[2022.03.10-17.20.42:611][  0]LogConfig: Setting CVar [[r.SkinCache.SceneMemoryLimitInMB:128.000000]]
[2022.03.10-17.20.42:611][  0]LogConfig: Setting CVar [[r.GPUSkin.Limit2BoneInfluences:0]]
[2022.03.10-17.20.42:611][  0]LogConfig: Setting CVar [[r.SupportDepthOnlyIndexBuffers:1]]
[2022.03.10-17.20.42:611][  0]LogConfig: Setting CVar [[r.SupportReversedIndexBuffers:1]]
[2022.03.10-17.20.42:611][  0]LogConfig: Setting CVar [[r.SupportMaterialLayers:0]]
[2022.03.10-17.20.42:611][  0]LogConfig: Setting CVar [[r.LightPropagationVolume:0]]
[2022.03.10-17.20.42:611][  0]LogConfig: Applying CVar settings from Section [/Script/Engine.RendererOverrideSettings] File [D:/Game_Design/goldsmiths class works/term2/game design/github/demoproject/gamedemoproject/Saved/Config/Windows/Engine.ini]
[2022.03.10-17.20.42:611][  0]LogConfig: Applying CVar settings from Section [/Script/Engine.StreamingSettings] File [D:/Game_Design/goldsmiths class works/term2/game design/github/demoproject/gamedemoproject/Saved/Config/Windows/Engine.ini]
[2022.03.10-17.20.42:611][  0]LogConfig: Setting CVar [[s.MinBulkDataSizeForAsyncLoading:131072]]
[2022.03.10-17.20.42:611][  0]LogConfig: Setting CVar [[s.AsyncLoadingThreadEnabled:0]]
[2022.03.10-17.20.42:611][  0]LogConfig: Setting CVar [[s.EventDrivenLoaderEnabled:1]]
[2022.03.10-17.20.42:611][  0]LogConfig: Setting CVar [[s.WarnIfTimeLimitExceeded:0]]
[2022.03.10-17.20.42:611][  0]LogConfig: Setting CVar [[s.TimeLimitExceededMultiplier:1.5]]
[2022.03.10-17.20.42:611][  0]LogConfig: Setting CVar [[s.TimeLimitExceededMinTime:0.005]]
[2022.03.10-17.20.42:611][  0]LogConfig: Setting CVar [[s.UseBackgroundLevelStreaming:1]]
[2022.03.10-17.20.42:611][  0]LogConfig: Setting CVar [[s.PriorityAsyncLoadingExtraTime:15.0]]
[2022.03.10-17.20.42:611][  0]LogConfig: Setting CVar [[s.LevelStreamingActorsUpdateTimeLimit:5.0]]
[2022.03.10-17.20.42:611][  0]LogConfig: Setting CVar [[s.PriorityLevelStreamingActorsUpdateExtraTime:5.0]]
[2022.03.10-17.20.42:611][  0]LogConfig: Setting CVar [[s.LevelStreamingComponentsRegistrationGranularity:10]]
[2022.03.10-17.20.42:611][  0]LogConfig: Setting CVar [[s.UnregisterComponentsTimeLimit:1.0]]
[2022.03.10-17.20.42:611][  0]LogConfig: Setting CVar [[s.LevelStreamingComponentsUnregistrationGranularity:5]]
[2022.03.10-17.20.42:611][  0]LogConfig: Setting CVar [[s.FlushStreamingOnExit:1]]
[2022.03.10-17.20.42:611][  0]LogConfig: Applying CVar settings from Section [/Script/Engine.GarbageCollectionSettings] File [D:/Game_Design/goldsmiths class works/term2/game design/github/demoproject/gamedemoproject/Saved/Config/Windows/Engine.ini]
[2022.03.10-17.20.42:611][  0]LogConfig: Setting CVar [[gc.MaxObjectsNotConsideredByGC:1]]
[2022.03.10-17.20.42:611][  0]LogConfig: Setting CVar [[gc.SizeOfPermanentObjectPool:0]]
[2022.03.10-17.20.42:611][  0]LogConfig: Setting CVar [[gc.FlushStreamingOnGC:0]]
[2022.03.10-17.20.42:611][  0]LogConfig: Setting CVar [[gc.NumRetriesBeforeForcingGC:10]]
[2022.03.10-17.20.42:611][  0]LogConfig: Setting CVar [[gc.AllowParallelGC:1]]
[2022.03.10-17.20.42:611][  0]LogConfig: Setting CVar [[gc.TimeBetweenPurgingPendingKillObjects:61.1]]
[2022.03.10-17.20.42:611][  0]LogConfig: Setting CVar [[gc.MaxObjectsInEditor:25165824]]
[2022.03.10-17.20.42:611][  0]LogConfig: Setting CVar [[gc.IncrementalBeginDestroyEnabled:1]]
[2022.03.10-17.20.42:611][  0]LogConfig: Setting CVar [[gc.CreateGCClusters:1]]
[2022.03.10-17.20.42:611][  0]LogConfig: Setting CVar [[gc.MinGCClusterSize:5]]
[2022.03.10-17.20.42:611][  0]LogConfig: Setting CVar [[gc.ActorClusteringEnabled:0]]
[2022.03.10-17.20.42:611][  0]LogConfig: Setting CVar [[gc.BlueprintClusteringEnabled:0]]
[2022.03.10-17.20.42:611][  0]LogConfig: Setting CVar [[gc.UseDisregardForGCOnDedicatedServers:0]]
[2022.03.10-17.20.42:611][  0]LogConfig: Applying CVar settings from Section [/Script/Engine.NetworkSettings] File [D:/Game_Design/goldsmiths class works/term2/game design/github/demoproject/gamedemoproject/Saved/Config/Windows/Engine.ini]
[2022.03.10-17.20.42:611][  0]LogConfig: Applying CVar settings from Section [/Script/UnrealEd.CookerSettings] File [D:/Game_Design/goldsmiths class works/term2/game design/github/demoproject/gamedemoproject/Saved/Config/Windows/Engine.ini]
[2022.03.10-17.20.42:613][  0]LogConfig: Applying CVar settings from Section [ViewDistanceQuality@3] File [D:/Game_Design/goldsmiths class works/term2/game design/github/demoproject/gamedemoproject/Saved/Config/Windows/Scalability.ini]
[2022.03.10-17.20.42:613][  0]LogConfig: Setting CVar [[r.SkeletalMeshLODBias:0]]
[2022.03.10-17.20.42:613][  0]LogConfig: Setting CVar [[r.ViewDistanceScale:1.0]]
[2022.03.10-17.20.42:613][  0]LogConfig: Applying CVar settings from Section [AntiAliasingQuality@3] File [D:/Game_Design/goldsmiths class works/term2/game design/github/demoproject/gamedemoproject/Saved/Config/Windows/Scalability.ini]
[2022.03.10-17.20.42:613][  0]LogConfig: Setting CVar [[r.PostProcessAAQuality:4]]
[2022.03.10-17.20.42:613][  0]LogConfig: Applying CVar settings from Section [ShadowQuality@3] File [D:/Game_Design/goldsmiths class works/term2/game design/github/demoproject/gamedemoproject/Saved/Config/Windows/Scalability.ini]
[2022.03.10-17.20.42:613][  0]LogConfig: Setting CVar [[r.LightFunctionQuality:1]]
[2022.03.10-17.20.42:613][  0]LogConfig: Setting CVar [[r.ShadowQuality:5]]
[2022.03.10-17.20.42:613][  0]LogConfig: Setting CVar [[r.Shadow.CSM.MaxCascades:10]]
[2022.03.10-17.20.42:613][  0]LogConfig: Setting CVar [[r.Shadow.MaxResolution:2048]]
[2022.03.10-17.20.42:613][  0]LogConfig: Setting CVar [[r.Shadow.MaxCSMResolution:2048]]
[2022.03.10-17.20.42:613][  0]LogConfig: Setting CVar [[r.Shadow.RadiusThreshold:0.01]]
[2022.03.10-17.20.42:613][  0]LogConfig: Setting CVar [[r.Shadow.DistanceScale:1.0]]
[2022.03.10-17.20.42:613][  0]LogConfig: Setting CVar [[r.Shadow.CSM.TransitionScale:1.0]]
[2022.03.10-17.20.42:613][  0]LogConfig: Setting CVar [[r.Shadow.PreShadowResolutionFactor:1.0]]
[2022.03.10-17.20.42:613][  0]LogConfig: Setting CVar [[r.DistanceFieldShadowing:1]]
[2022.03.10-17.20.42:613][  0]LogConfig: Setting CVar [[r.DistanceFieldAO:1]]
[2022.03.10-17.20.42:613][  0]LogConfig: Setting CVar [[r.AOQuality:2]]
[2022.03.10-17.20.42:613][  0]LogConfig: Setting CVar [[r.VolumetricFog:1]]
[2022.03.10-17.20.42:613][  0]LogConfig: Setting CVar [[r.VolumetricFog.GridPixelSize:8]]
[2022.03.10-17.20.42:613][  0]LogConfig: Setting CVar [[r.VolumetricFog.GridSizeZ:128]]
[2022.03.10-17.20.42:613][  0]LogConfig: Setting CVar [[r.VolumetricFog.HistoryMissSupersampleCount:4]]
[2022.03.10-17.20.42:613][  0]LogConfig: Setting CVar [[r.LightMaxDrawDistanceScale:1]]
[2022.03.10-17.20.42:613][  0]LogConfig: Setting CVar [[r.CapsuleShadows:1]]
[2022.03.10-17.20.42:613][  0]LogConfig: Applying CVar settings from Section [PostProcessQuality@3] File [D:/Game_Design/goldsmiths class works/term2/game design/github/demoproject/gamedemoproject/Saved/Config/Windows/Scalability.ini]
[2022.03.10-17.20.42:613][  0]LogConfig: Setting CVar [[r.MotionBlurQuality:4]]
[2022.03.10-17.20.42:613][  0]LogConfig: Setting CVar [[r.AmbientOcclusionMipLevelFactor:0.4]]
[2022.03.10-17.20.42:613][  0]LogConfig: Setting CVar [[r.AmbientOcclusionMaxQuality:100]]
[2022.03.10-17.20.42:613][  0]LogConfig: Setting CVar [[r.AmbientOcclusionLevels:-1]]
[2022.03.10-17.20.42:613][  0]LogConfig: Setting CVar [[r.AmbientOcclusionRadiusScale:1.0]]
[2022.03.10-17.20.42:613][  0]LogConfig: Setting CVar [[r.DepthOfFieldQuality:2]]
[2022.03.10-17.20.42:613][  0]LogConfig: Setting CVar [[r.RenderTargetPoolMin:400]]
[2022.03.10-17.20.42:613][  0]LogConfig: Setting CVar [[r.LensFlareQuality:2]]
[2022.03.10-17.20.42:613][  0]LogConfig: Setting CVar [[r.SceneColorFringeQuality:1]]
[2022.03.10-17.20.42:613][  0]LogConfig: Setting CVar [[r.EyeAdaptationQuality:2]]
[2022.03.10-17.20.42:613][  0]LogConfig: Setting CVar [[r.BloomQuality:5]]
[2022.03.10-17.20.42:613][  0]LogConfig: Setting CVar [[r.FastBlurThreshold:100]]
[2022.03.10-17.20.42:613][  0]LogConfig: Setting CVar [[r.Upscale.Quality:3]]
[2022.03.10-17.20.42:613][  0]LogConfig: Setting CVar [[r.Tonemapper.GrainQuantization:1]]
[2022.03.10-17.20.42:613][  0]LogConfig: Setting CVar [[r.LightShaftQuality:1]]
[2022.03.10-17.20.42:613][  0]LogConfig: Setting CVar [[r.Filter.SizeScale:1]]
[2022.03.10-17.20.42:613][  0]LogConfig: Setting CVar [[r.Tonemapper.Quality:5]]
[2022.03.10-17.20.42:613][  0]LogConfig: Setting CVar [[r.DOF.Gather.AccumulatorQuality:1        ; higher gathering accumulator quality]]
[2022.03.10-17.20.42:613][  0]LogConfig: Setting CVar [[r.DOF.Gather.PostfilterMethod:1          ; Median3x3 postfilering method]]
[2022.03.10-17.20.42:613][  0]LogConfig: Setting CVar [[r.DOF.Gather.EnableBokehSettings:0       ; no bokeh simulation when gathering]]
[2022.03.10-17.20.42:613][  0]LogConfig: Setting CVar [[r.DOF.Gather.RingCount:4                 ; medium number of samples when gathering]]
[2022.03.10-17.20.42:613][  0]LogConfig: Setting CVar [[r.DOF.Scatter.ForegroundCompositing:1    ; additive foreground scattering]]
[2022.03.10-17.20.42:613][  0]LogConfig: Setting CVar [[r.DOF.Scatter.BackgroundCompositing:2    ; additive background scattering]]
[2022.03.10-17.20.42:613][  0]LogConfig: Setting CVar [[r.DOF.Scatter.EnableBokehSettings:1      ; bokeh simulation when scattering]]
[2022.03.10-17.20.42:614][  0]LogConfig: Setting CVar [[r.DOF.Scatter.MaxSpriteRatio:0.1         ; only a maximum of 10% of scattered bokeh]]
[2022.03.10-17.20.42:614][  0]LogConfig: Setting CVar [[r.DOF.Recombine.Quality:1                ; cheap slight out of focus]]
[2022.03.10-17.20.42:614][  0]LogConfig: Setting CVar [[r.DOF.Recombine.EnableBokehSettings:0    ; no bokeh simulation on slight out of focus]]
[2022.03.10-17.20.42:614][  0]LogConfig: Setting CVar [[r.DOF.TemporalAAQuality:1                ; more stable temporal accumulation]]
[2022.03.10-17.20.42:614][  0]LogConfig: Setting CVar [[r.DOF.Kernel.MaxForegroundRadius:0.025]]
[2022.03.10-17.20.42:614][  0]LogConfig: Setting CVar [[r.DOF.Kernel.MaxBackgroundRadius:0.025]]
[2022.03.10-17.20.42:614][  0]LogConfig: Applying CVar settings from Section [TextureQuality@3] File [D:/Game_Design/goldsmiths class works/term2/game design/github/demoproject/gamedemoproject/Saved/Config/Windows/Scalability.ini]
[2022.03.10-17.20.42:614][  0]LogConfig: Setting CVar [[r.Streaming.MipBias:0]]
[2022.03.10-17.20.42:614][  0]LogConfig: Setting CVar [[r.Streaming.AmortizeCPUToGPUCopy:0]]
[2022.03.10-17.20.42:614][  0]LogConfig: Setting CVar [[r.Streaming.MaxNumTexturesToStreamPerFrame:0]]
[2022.03.10-17.20.42:614][  0]LogConfig: Setting CVar [[r.Streaming.Boost:1]]
[2022.03.10-17.20.42:614][  0]LogConfig: Setting CVar [[r.MaxAnisotropy:8]]
[2022.03.10-17.20.42:614][  0]LogConfig: Setting CVar [[r.VT.MaxAnisotropy:8]]
[2022.03.10-17.20.42:614][  0]LogConfig: Setting CVar [[r.Streaming.LimitPoolSizeToVRAM:0]]
[2022.03.10-17.20.42:614][  0]LogConfig: Setting CVar [[r.Streaming.PoolSize:1000]]
[2022.03.10-17.20.42:614][  0]LogConfig: Setting CVar [[r.Streaming.MaxEffectiveScreenSize:0]]
[2022.03.10-17.20.42:614][  0]LogConfig: Applying CVar settings from Section [EffectsQuality@3] File [D:/Game_Design/goldsmiths class works/term2/game design/github/demoproject/gamedemoproject/Saved/Config/Windows/Scalability.ini]
[2022.03.10-17.20.42:614][  0]LogConfig: Setting CVar [[r.TranslucencyLightingVolumeDim:64]]
[2022.03.10-17.20.42:614][  0]LogConfig: Setting CVar [[r.RefractionQuality:2]]
[2022.03.10-17.20.42:614][  0]LogConfig: Setting CVar [[r.SSR.Quality:3]]
[2022.03.10-17.20.42:614][  0]LogConfig: Setting CVar [[r.SSR.HalfResSceneColor:0]]
[2022.03.10-17.20.42:614][  0]LogConfig: Setting CVar [[r.SceneColorFormat:4]]
[2022.03.10-17.20.42:614][  0]LogConfig: Setting CVar [[r.DetailMode:2]]
[2022.03.10-17.20.42:614][  0]LogConfig: Setting CVar [[r.TranslucencyVolumeBlur:1]]
[2022.03.10-17.20.42:614][  0]LogConfig: Setting CVar [[r.MaterialQualityLevel:1 ; High quality]]
[2022.03.10-17.20.42:614][  0]LogConfig: Setting CVar [[r.SSS.Scale:1]]
[2022.03.10-17.20.42:614][  0]LogConfig: Setting CVar [[r.SSS.SampleSet:2]]
[2022.03.10-17.20.42:614][  0]LogConfig: Setting CVar [[r.SSS.Quality:1]]
[2022.03.10-17.20.42:614][  0]LogConfig: Setting CVar [[r.SSS.HalfRes:1]]
[2022.03.10-17.20.42:614][  0]LogConfig: Setting CVar [[r.SSGI.Quality:3]]
[2022.03.10-17.20.42:614][  0]LogConfig: Setting CVar [[r.EmitterSpawnRateScale:1.0]]
[2022.03.10-17.20.42:614][  0]LogConfig: Setting CVar [[r.ParticleLightQuality:2]]
[2022.03.10-17.20.42:614][  0]LogConfig: Setting CVar [[r.SkyAtmosphere.AerialPerspectiveLUT.FastApplyOnOpaque:1 ; Always have FastSkyLUT 1 in this case to avoid wrong sky]]
[2022.03.10-17.20.42:614][  0]LogConfig: Setting CVar [[r.SkyAtmosphere.AerialPerspectiveLUT.SampleCountPerSlice:1]]
[2022.03.10-17.20.42:614][  0]LogConfig: Setting CVar [[r.SkyAtmosphere.AerialPerspectiveLUT.DepthResolution:16.0]]
[2022.03.10-17.20.42:614][  0]LogConfig: Setting CVar [[r.SkyAtmosphere.FastSkyLUT:1]]
[2022.03.10-17.20.42:614][  0]LogConfig: Setting CVar [[r.SkyAtmosphere.FastSkyLUT.SampleCountMin:4.0]]
[2022.03.10-17.20.42:614][  0]LogConfig: Setting CVar [[r.SkyAtmosphere.FastSkyLUT.SampleCountMax:32.0]]
[2022.03.10-17.20.42:614][  0]LogConfig: Setting CVar [[r.SkyAtmosphere.SampleCountMin:4.0]]
[2022.03.10-17.20.42:614][  0]LogConfig: Setting CVar [[r.SkyAtmosphere.SampleCountMax:32.0]]
[2022.03.10-17.20.42:614][  0]LogConfig: Setting CVar [[r.SkyAtmosphere.TransmittanceLUT.UseSmallFormat:0]]
[2022.03.10-17.20.42:614][  0]LogConfig: Setting CVar [[r.SkyAtmosphere.TransmittanceLUT.SampleCount:10.0]]
[2022.03.10-17.20.42:614][  0]LogConfig: Setting CVar [[r.SkyAtmosphere.MultiScatteringLUT.SampleCount:15.0]]
[2022.03.10-17.20.42:614][  0]LogConfig: Applying CVar settings from Section [FoliageQuality@3] File [D:/Game_Design/goldsmiths class works/term2/game design/github/demoproject/gamedemoproject/Saved/Config/Windows/Scalability.ini]
[2022.03.10-17.20.42:614][  0]LogConfig: Setting CVar [[foliage.DensityScale:1.0]]
[2022.03.10-17.20.42:614][  0]LogConfig: Setting CVar [[grass.DensityScale:1.0]]
[2022.03.10-17.20.42:614][  0]LogConfig: Applying CVar settings from Section [ShadingQuality@3] File [D:/Game_Design/goldsmiths class works/term2/game design/github/demoproject/gamedemoproject/Saved/Config/Windows/Scalability.ini]
[2022.03.10-17.20.42:614][  0]LogConfig: Setting CVar [[r.HairStrands.SkyLighting.SampleCount:16]]
[2022.03.10-17.20.42:614][  0]LogConfig: Setting CVar [[r.HairStrands.SkyLighting.JitterIntegration:0]]
[2022.03.10-17.20.42:614][  0]LogConfig: Setting CVar [[r.HairStrands.SkyAO.SampleCount:16]]
[2022.03.10-17.20.42:614][  0]LogInit: Selected Device Profile: [Windows]
[2022.03.10-17.20.42:614][  0]LogInit: Applying CVar settings loaded from the selected device profile: [Windows]
[2022.03.10-17.20.42:616][  0]LogHAL: Display: Platform has ~ 32 GB [33736454144 / 34359738368 / 32], which maps to Largest [LargestMinGB=32, LargerMinGB=12, DefaultMinGB=8, SmallerMinGB=6, SmallestMinGB=0)
[2022.03.10-17.20.42:616][  0]LogInit: Going up to parent DeviceProfile []
[2022.03.10-17.20.42:616][  0]LogConfig: Applying CVar settings from Section [ViewDistanceQuality@3] File [D:/Game_Design/goldsmiths class works/term2/game design/github/demoproject/gamedemoproject/Saved/Config/Windows/Scalability.ini]
[2022.03.10-17.20.42:616][  0]LogConfig: Setting CVar [[r.SkeletalMeshLODBias:0]]
[2022.03.10-17.20.42:616][  0]LogConfig: Setting CVar [[r.ViewDistanceScale:1.0]]
[2022.03.10-17.20.42:616][  0]LogConfig: Applying CVar settings from Section [AntiAliasingQuality@3] File [D:/Game_Design/goldsmiths class works/term2/game design/github/demoproject/gamedemoproject/Saved/Config/Windows/Scalability.ini]
[2022.03.10-17.20.42:616][  0]LogConfig: Setting CVar [[r.PostProcessAAQuality:4]]
[2022.03.10-17.20.42:616][  0]LogConfig: Applying CVar settings from Section [ShadowQuality@3] File [D:/Game_Design/goldsmiths class works/term2/game design/github/demoproject/gamedemoproject/Saved/Config/Windows/Scalability.ini]
[2022.03.10-17.20.42:616][  0]LogConfig: Setting CVar [[r.LightFunctionQuality:1]]
[2022.03.10-17.20.42:616][  0]LogConfig: Setting CVar [[r.ShadowQuality:5]]
[2022.03.10-17.20.42:616][  0]LogConfig: Setting CVar [[r.Shadow.CSM.MaxCascades:10]]
[2022.03.10-17.20.42:616][  0]LogConfig: Setting CVar [[r.Shadow.MaxResolution:2048]]
[2022.03.10-17.20.42:616][  0]LogConfig: Setting CVar [[r.Shadow.MaxCSMResolution:2048]]
[2022.03.10-17.20.42:616][  0]LogConfig: Setting CVar [[r.Shadow.RadiusThreshold:0.01]]
[2022.03.10-17.20.42:616][  0]LogConfig: Setting CVar [[r.Shadow.DistanceScale:1.0]]
[2022.03.10-17.20.42:616][  0]LogConfig: Setting CVar [[r.Shadow.CSM.TransitionScale:1.0]]
[2022.03.10-17.20.42:616][  0]LogConfig: Setting CVar [[r.Shadow.PreShadowResolutionFactor:1.0]]
[2022.03.10-17.20.42:616][  0]LogConfig: Setting CVar [[r.DistanceFieldShadowing:1]]
[2022.03.10-17.20.42:616][  0]LogConfig: Setting CVar [[r.DistanceFieldAO:1]]
[2022.03.10-17.20.42:616][  0]LogConfig: Setting CVar [[r.AOQuality:2]]
[2022.03.10-17.20.42:616][  0]LogConfig: Setting CVar [[r.VolumetricFog:1]]
[2022.03.10-17.20.42:616][  0]LogConfig: Setting CVar [[r.VolumetricFog.GridPixelSize:8]]
[2022.03.10-17.20.42:616][  0]LogConfig: Setting CVar [[r.VolumetricFog.GridSizeZ:128]]
[2022.03.10-17.20.42:616][  0]LogConfig: Setting CVar [[r.VolumetricFog.HistoryMissSupersampleCount:4]]
[2022.03.10-17.20.42:616][  0]LogConfig: Setting CVar [[r.LightMaxDrawDistanceScale:1]]
[2022.03.10-17.20.42:616][  0]LogConfig: Setting CVar [[r.CapsuleShadows:1]]
[2022.03.10-17.20.42:616][  0]LogConfig: Applying CVar settings from Section [PostProcessQuality@3] File [D:/Game_Design/goldsmiths class works/term2/game design/github/demoproject/gamedemoproject/Saved/Config/Windows/Scalability.ini]
[2022.03.10-17.20.42:616][  0]LogConfig: Setting CVar [[r.MotionBlurQuality:4]]
[2022.03.10-17.20.42:616][  0]LogConfig: Setting CVar [[r.AmbientOcclusionMipLevelFactor:0.4]]
[2022.03.10-17.20.42:616][  0]LogConfig: Setting CVar [[r.AmbientOcclusionMaxQuality:100]]
[2022.03.10-17.20.42:616][  0]LogConfig: Setting CVar [[r.AmbientOcclusionLevels:-1]]
[2022.03.10-17.20.42:616][  0]LogConfig: Setting CVar [[r.AmbientOcclusionRadiusScale:1.0]]
[2022.03.10-17.20.42:616][  0]LogConfig: Setting CVar [[r.DepthOfFieldQuality:2]]
[2022.03.10-17.20.42:616][  0]LogConfig: Setting CVar [[r.RenderTargetPoolMin:400]]
[2022.03.10-17.20.42:616][  0]LogConfig: Setting CVar [[r.LensFlareQuality:2]]
[2022.03.10-17.20.42:616][  0]LogConfig: Setting CVar [[r.SceneColorFringeQuality:1]]
[2022.03.10-17.20.42:616][  0]LogConfig: Setting CVar [[r.EyeAdaptationQuality:2]]
[2022.03.10-17.20.42:616][  0]LogConfig: Setting CVar [[r.BloomQuality:5]]
[2022.03.10-17.20.42:616][  0]LogConfig: Setting CVar [[r.FastBlurThreshold:100]]
[2022.03.10-17.20.42:616][  0]LogConfig: Setting CVar [[r.Upscale.Quality:3]]
[2022.03.10-17.20.42:616][  0]LogConfig: Setting CVar [[r.Tonemapper.GrainQuantization:1]]
[2022.03.10-17.20.42:616][  0]LogConfig: Setting CVar [[r.LightShaftQuality:1]]
[2022.03.10-17.20.42:616][  0]LogConfig: Setting CVar [[r.Filter.SizeScale:1]]
[2022.03.10-17.20.42:616][  0]LogConfig: Setting CVar [[r.Tonemapper.Quality:5]]
[2022.03.10-17.20.42:616][  0]LogConfig: Setting CVar [[r.DOF.Gather.AccumulatorQuality:1        ; higher gathering accumulator quality]]
[2022.03.10-17.20.42:616][  0]LogConfig: Setting CVar [[r.DOF.Gather.PostfilterMethod:1          ; Median3x3 postfilering method]]
[2022.03.10-17.20.42:616][  0]LogConfig: Setting CVar [[r.DOF.Gather.EnableBokehSettings:0       ; no bokeh simulation when gathering]]
[2022.03.10-17.20.42:616][  0]LogConfig: Setting CVar [[r.DOF.Gather.RingCount:4                 ; medium number of samples when gathering]]
[2022.03.10-17.20.42:616][  0]LogConfig: Setting CVar [[r.DOF.Scatter.ForegroundCompositing:1    ; additive foreground scattering]]
[2022.03.10-17.20.42:616][  0]LogConfig: Setting CVar [[r.DOF.Scatter.BackgroundCompositing:2    ; additive background scattering]]
[2022.03.10-17.20.42:617][  0]LogConfig: Setting CVar [[r.DOF.Scatter.EnableBokehSettings:1      ; bokeh simulation when scattering]]
[2022.03.10-17.20.42:617][  0]LogConfig: Setting CVar [[r.DOF.Scatter.MaxSpriteRatio:0.1         ; only a maximum of 10% of scattered bokeh]]
[2022.03.10-17.20.42:617][  0]LogConfig: Setting CVar [[r.DOF.Recombine.Quality:1                ; cheap slight out of focus]]
[2022.03.10-17.20.42:617][  0]LogConfig: Setting CVar [[r.DOF.Recombine.EnableBokehSettings:0    ; no bokeh simulation on slight out of focus]]
[2022.03.10-17.20.42:617][  0]LogConfig: Setting CVar [[r.DOF.TemporalAAQuality:1                ; more stable temporal accumulation]]
[2022.03.10-17.20.42:617][  0]LogConfig: Setting CVar [[r.DOF.Kernel.MaxForegroundRadius:0.025]]
[2022.03.10-17.20.42:617][  0]LogConfig: Setting CVar [[r.DOF.Kernel.MaxBackgroundRadius:0.025]]
[2022.03.10-17.20.42:617][  0]LogConfig: Applying CVar settings from Section [TextureQuality@3] File [D:/Game_Design/goldsmiths class works/term2/game design/github/demoproject/gamedemoproject/Saved/Config/Windows/Scalability.ini]
[2022.03.10-17.20.42:617][  0]LogConfig: Setting CVar [[r.Streaming.MipBias:0]]
[2022.03.10-17.20.42:617][  0]LogConfig: Setting CVar [[r.Streaming.AmortizeCPUToGPUCopy:0]]
[2022.03.10-17.20.42:617][  0]LogConfig: Setting CVar [[r.Streaming.MaxNumTexturesToStreamPerFrame:0]]
[2022.03.10-17.20.42:617][  0]LogConfig: Setting CVar [[r.Streaming.Boost:1]]
[2022.03.10-17.20.42:617][  0]LogConfig: Setting CVar [[r.MaxAnisotropy:8]]
[2022.03.10-17.20.42:617][  0]LogConfig: Setting CVar [[r.VT.MaxAnisotropy:8]]
[2022.03.10-17.20.42:617][  0]LogConfig: Setting CVar [[r.Streaming.LimitPoolSizeToVRAM:0]]
[2022.03.10-17.20.42:617][  0]LogConfig: Setting CVar [[r.Streaming.PoolSize:1000]]
[2022.03.10-17.20.42:617][  0]LogConfig: Setting CVar [[r.Streaming.MaxEffectiveScreenSize:0]]
[2022.03.10-17.20.42:617][  0]LogConfig: Applying CVar settings from Section [EffectsQuality@3] File [D:/Game_Design/goldsmiths class works/term2/game design/github/demoproject/gamedemoproject/Saved/Config/Windows/Scalability.ini]
[2022.03.10-17.20.42:617][  0]LogConfig: Setting CVar [[r.TranslucencyLightingVolumeDim:64]]
[2022.03.10-17.20.42:617][  0]LogConfig: Setting CVar [[r.RefractionQuality:2]]
[2022.03.10-17.20.42:617][  0]LogConfig: Setting CVar [[r.SSR.Quality:3]]
[2022.03.10-17.20.42:617][  0]LogConfig: Setting CVar [[r.SSR.HalfResSceneColor:0]]
[2022.03.10-17.20.42:617][  0]LogConfig: Setting CVar [[r.SceneColorFormat:4]]
[2022.03.10-17.20.42:617][  0]LogConfig: Setting CVar [[r.DetailMode:2]]
[2022.03.10-17.20.42:617][  0]LogConfig: Setting CVar [[r.TranslucencyVolumeBlur:1]]
[2022.03.10-17.20.42:617][  0]LogConfig: Setting CVar [[r.MaterialQualityLevel:1 ; High quality]]
[2022.03.10-17.20.42:617][  0]LogConfig: Setting CVar [[r.SSS.Scale:1]]
[2022.03.10-17.20.42:617][  0]LogConfig: Setting CVar [[r.SSS.SampleSet:2]]
[2022.03.10-17.20.42:617][  0]LogConfig: Setting CVar [[r.SSS.Quality:1]]
[2022.03.10-17.20.42:617][  0]LogConfig: Setting CVar [[r.SSS.HalfRes:1]]
[2022.03.10-17.20.42:617][  0]LogConfig: Setting CVar [[r.SSGI.Quality:3]]
[2022.03.10-17.20.42:617][  0]LogConfig: Setting CVar [[r.EmitterSpawnRateScale:1.0]]
[2022.03.10-17.20.42:617][  0]LogConfig: Setting CVar [[r.ParticleLightQuality:2]]
[2022.03.10-17.20.42:617][  0]LogConfig: Setting CVar [[r.SkyAtmosphere.AerialPerspectiveLUT.FastApplyOnOpaque:1 ; Always have FastSkyLUT 1 in this case to avoid wrong sky]]
[2022.03.10-17.20.42:617][  0]LogConfig: Setting CVar [[r.SkyAtmosphere.AerialPerspectiveLUT.SampleCountPerSlice:1]]
[2022.03.10-17.20.42:617][  0]LogConfig: Setting CVar [[r.SkyAtmosphere.AerialPerspectiveLUT.DepthResolution:16.0]]
[2022.03.10-17.20.42:617][  0]LogConfig: Setting CVar [[r.SkyAtmosphere.FastSkyLUT:1]]
[2022.03.10-17.20.42:617][  0]LogConfig: Setting CVar [[r.SkyAtmosphere.FastSkyLUT.SampleCountMin:4.0]]
[2022.03.10-17.20.42:617][  0]LogConfig: Setting CVar [[r.SkyAtmosphere.FastSkyLUT.SampleCountMax:32.0]]
[2022.03.10-17.20.42:617][  0]LogConfig: Setting CVar [[r.SkyAtmosphere.SampleCountMin:4.0]]
[2022.03.10-17.20.42:617][  0]LogConfig: Setting CVar [[r.SkyAtmosphere.SampleCountMax:32.0]]
[2022.03.10-17.20.42:617][  0]LogConfig: Setting CVar [[r.SkyAtmosphere.TransmittanceLUT.UseSmallFormat:0]]
[2022.03.10-17.20.42:617][  0]LogConfig: Setting CVar [[r.SkyAtmosphere.TransmittanceLUT.SampleCount:10.0]]
[2022.03.10-17.20.42:617][  0]LogConfig: Setting CVar [[r.SkyAtmosphere.MultiScatteringLUT.SampleCount:15.0]]
[2022.03.10-17.20.42:617][  0]LogConfig: Applying CVar settings from Section [FoliageQuality@3] File [D:/Game_Design/goldsmiths class works/term2/game design/github/demoproject/gamedemoproject/Saved/Config/Windows/Scalability.ini]
[2022.03.10-17.20.42:617][  0]LogConfig: Setting CVar [[foliage.DensityScale:1.0]]
[2022.03.10-17.20.42:617][  0]LogConfig: Setting CVar [[grass.DensityScale:1.0]]
[2022.03.10-17.20.42:617][  0]LogConfig: Applying CVar settings from Section [ShadingQuality@3] File [D:/Game_Design/goldsmiths class works/term2/game design/github/demoproject/gamedemoproject/Saved/Config/Windows/Scalability.ini]
[2022.03.10-17.20.42:617][  0]LogConfig: Setting CVar [[r.HairStrands.SkyLighting.SampleCount:16]]
[2022.03.10-17.20.42:617][  0]LogConfig: Setting CVar [[r.HairStrands.SkyLighting.JitterIntegration:0]]
[2022.03.10-17.20.42:617][  0]LogConfig: Setting CVar [[r.HairStrands.SkyAO.SampleCount:16]]
[2022.03.10-17.20.42:617][  0]LogConfig: Applying CVar settings from Section [Startup] File [../../../Engine/Config/ConsoleVariables.ini]
[2022.03.10-17.20.42:617][  0]LogConfig: Setting CVar [[net.UseAdaptiveNetUpdateFrequency:0]]
[2022.03.10-17.20.42:617][  0]LogConfig: Setting CVar [[p.chaos.AllowCreatePhysxBodies:1]]
[2022.03.10-17.20.42:617][  0]LogConfig: Applying CVar settings from Section [ConsoleVariables] File [D:/Game_Design/goldsmiths class works/term2/game design/github/demoproject/gamedemoproject/Saved/Config/Windows/Engine.ini]
[2022.03.10-17.20.42:617][  0]LogInit: Computer: ROG-G14
[2022.03.10-17.20.42:617][  0]LogInit: User: vgane
[2022.03.10-17.20.42:617][  0]LogInit: CPU Page size=4096, Cores=8
[2022.03.10-17.20.42:617][  0]LogInit: High frequency timer resolution =10.000000 MHz
[2022.03.10-17.20.42:617][  0]LogMemory: Memory total: Physical=31.4GB (32GB approx)
[2022.03.10-17.20.42:617][  0]LogMemory: Platform Memory Stats for Windows
[2022.03.10-17.20.42:617][  0]LogMemory: Process Physical Memory: 107.49 MB used, 107.49 MB peak
[2022.03.10-17.20.42:617][  0]LogMemory: Process Virtual Memory: 102.59 MB used, 102.59 MB peak
[2022.03.10-17.20.42:617][  0]LogMemory: Physical Memory: 7837.47 MB used,  24336.12 MB free, 32173.59 MB total
[2022.03.10-17.20.42:617][  0]LogMemory: Virtual Memory: 5187.66 MB used,  134212544.00 MB free, 134217728.00 MB total
[2022.03.10-17.20.42:619][  0]LogWindows: WindowsPlatformFeatures enabled
[2022.03.10-17.20.42:647][  0]LogInit: Using OS detected language (en-US).
[2022.03.10-17.20.42:647][  0]LogInit: Using OS detected locale (en-IN).
[2022.03.10-17.20.42:647][  0]LogTextLocalizationManager: No specific localization for 'en-US' exists, so the 'en' localization will be used.
[2022.03.10-17.20.42:783][  0]LogInit: Setting process to per monitor DPI aware
[2022.03.10-17.20.42:807][  0]LogSlate: New Slate User Created.  User Index 0, Is Virtual User: 0
[2022.03.10-17.20.42:807][  0]LogSlate: Slate User Registered.  User Index 0, Is Virtual User: 0
[2022.03.10-17.20.49:941][  0]LogHMD: Failed to initialize OpenVR with code 108
[2022.03.10-17.20.49:941][  0]LogD3D11RHI: D3D11 min allowed feature level: 11_0
[2022.03.10-17.20.49:941][  0]LogD3D11RHI: D3D11 max allowed feature level: 11_0
[2022.03.10-17.20.49:941][  0]LogD3D11RHI: D3D11 adapters:
[2022.03.10-17.20.50:020][  0]LogD3D11RHI:    0. 'NVIDIA GeForce RTX 2060 with Max-Q Design' (Feature Level 11_0)
[2022.03.10-17.20.50:020][  0]LogD3D11RHI:       5980/0/16086 MB DedicatedVideo/DedicatedSystem/SharedSystem, Outputs:1, VendorId:0x10de
[2022.03.10-17.20.50:048][  0]LogD3D11RHI:    1. 'AMD Radeon(TM) Graphics' (Feature Level 11_0)
[2022.03.10-17.20.50:048][  0]LogD3D11RHI:       496/0/16086 MB DedicatedVideo/DedicatedSystem/SharedSystem, Outputs:0, VendorId:0x1002
[2022.03.10-17.20.50:050][  0]LogD3D11RHI:    2. 'Microsoft Basic Render Driver' (Feature Level 11_0)
[2022.03.10-17.20.50:050][  0]LogD3D11RHI:       0/0/16086 MB DedicatedVideo/DedicatedSystem/SharedSystem, Outputs:0, VendorId:0x1414
[2022.03.10-17.20.50:050][  0]LogD3D11RHI: Chosen D3D11 Adapter: 0
[2022.03.10-17.20.50:056][  0]LogD3D11RHI: Creating new Direct3DDevice
[2022.03.10-17.20.50:056][  0]LogD3D11RHI:     GPU DeviceId: 0x1f12 (for the marketing name, search the web for "GPU Device Id")
[2022.03.10-17.20.50:056][  0]LogWindows: EnumDisplayDevices:
[2022.03.10-17.20.50:056][  0]LogWindows:    0. 'AMD Radeon(TM) Graphics' (P:1 D:1)
[2022.03.10-17.20.50:056][  0]LogWindows:    1. 'AMD Radeon(TM) Graphics' (P:0 D:0)
[2022.03.10-17.20.50:056][  0]LogWindows:    2. 'AMD Radeon(TM) Graphics' (P:0 D:0)
[2022.03.10-17.20.50:056][  0]LogWindows:    3. 'AMD Radeon(TM) Graphics' (P:0 D:0)
[2022.03.10-17.20.50:057][  0]LogWindows:    4. 'NVIDIA GeForce RTX 2060 with Max-Q Design' (P:0 D:0)
[2022.03.10-17.20.50:057][  0]LogWindows:    5. 'NVIDIA GeForce RTX 2060 with Max-Q Design' (P:0 D:0)
[2022.03.10-17.20.50:057][  0]LogWindows:    6. 'NVIDIA GeForce RTX 2060 with Max-Q Design' (P:0 D:0)
[2022.03.10-17.20.50:057][  0]LogWindows:    7. 'NVIDIA GeForce RTX 2060 with Max-Q Design' (P:0 D:0)
[2022.03.10-17.20.50:057][  0]LogWindows: DebugString: PrimaryIsNotTheChoosenAdapter PrimaryIsNotTheChoosenAdapter PrimaryIsNotTheChoosenAdapter PrimaryIsNotTheChoosenAdapter FoundDriverCount:4 
[2022.03.10-17.20.50:057][  0]LogD3D11RHI:     Adapter Name: NVIDIA GeForce RTX 2060 with Max-Q Design
[2022.03.10-17.20.50:057][  0]LogD3D11RHI:   Driver Version: 511.79 (internal:30.0.15.1179, unified:511.79)
[2022.03.10-17.20.50:057][  0]LogD3D11RHI:      Driver Date: 2-10-2022
[2022.03.10-17.20.50:057][  0]LogRHI: Texture pool is 4186 MB (70% of 5980 MB)
[2022.03.10-17.20.50:102][  0]LogD3D11RHI: RHI has support for 64 bit atomics
[2022.03.10-17.20.50:103][  0]LogD3D11RHI: Async texture creation enabled
[2022.03.10-17.20.50:122][  0]LogD3D11RHI: GPU Timing Frequency: 1000.000000 (Debug: 2 1)
[2022.03.10-17.20.50:340][  0]LogTargetPlatformManager: Display: Loaded TargetPlatform 'AllDesktop'
[2022.03.10-17.20.50:368][  0]LogTargetPlatformManager: Display: Loaded TargetPlatform 'Android'
[2022.03.10-17.20.50:368][  0]LogTargetPlatformManager: Display: Loaded TargetPlatform 'Android_ASTC'
[2022.03.10-17.20.50:368][  0]LogTargetPlatformManager: Display: Loaded TargetPlatform 'Android_ATC'
[2022.03.10-17.20.50:368][  0]LogTargetPlatformManager: Display: Loaded TargetPlatform 'Android_DXT'
[2022.03.10-17.20.50:368][  0]LogTargetPlatformManager: Display: Loaded TargetPlatform 'Android_ETC1'
[2022.03.10-17.20.50:368][  0]LogTargetPlatformManager: Display: Loaded TargetPlatform 'Android_ETC1a'
[2022.03.10-17.20.50:368][  0]LogTargetPlatformManager: Display: Loaded TargetPlatform 'Android_ETC2'
[2022.03.10-17.20.50:368][  0]LogTargetPlatformManager: Display: Loaded TargetPlatform 'Android_PVRTC'
[2022.03.10-17.20.50:368][  0]LogTargetPlatformManager: Display: Loaded TargetPlatform 'AndroidClient'
[2022.03.10-17.20.50:368][  0]LogTargetPlatformManager: Display: Loaded TargetPlatform 'Android_ASTCClient'
[2022.03.10-17.20.50:368][  0]LogTargetPlatformManager: Display: Loaded TargetPlatform 'Android_ATCClient'
[2022.03.10-17.20.50:368][  0]LogTargetPlatformManager: Display: Loaded TargetPlatform 'Android_DXTClient'
[2022.03.10-17.20.50:368][  0]LogTargetPlatformManager: Display: Loaded TargetPlatform 'Android_ETC1Client'
[2022.03.10-17.20.50:368][  0]LogTargetPlatformManager: Display: Loaded TargetPlatform 'Android_ETC1aClient'
[2022.03.10-17.20.50:368][  0]LogTargetPlatformManager: Display: Loaded TargetPlatform 'Android_ETC2Client'
[2022.03.10-17.20.50:368][  0]LogTargetPlatformManager: Display: Loaded TargetPlatform 'Android_PVRTCClient'
[2022.03.10-17.20.50:368][  0]LogTargetPlatformManager: Display: Loaded TargetPlatform 'Android_Multi'
[2022.03.10-17.20.50:368][  0]LogTargetPlatformManager: Display: Loaded TargetPlatform 'Android_MultiClient'
[2022.03.10-17.20.50:384][  0]LogTargetPlatformManager: Display: Loaded TargetPlatform 'IOSClient'
[2022.03.10-17.20.50:384][  0]LogTargetPlatformManager: Display: Loaded TargetPlatform 'IOS'
[2022.03.10-17.20.50:391][  0]LogTargetPlatformManager: Display: Loaded TargetPlatform 'LinuxNoEditor'
[2022.03.10-17.20.50:399][  0]LogTargetPlatformManager: Display: Loaded TargetPlatform 'LinuxClient'
[2022.03.10-17.20.50:405][  0]LogTargetPlatformManager: Display: Loaded TargetPlatform 'LinuxServer'
[2022.03.10-17.20.50:411][  0]LogTargetPlatformManager: Display: Loaded TargetPlatform 'LinuxAArch64NoEditor'
[2022.03.10-17.20.50:417][  0]LogTargetPlatformManager: Display: Loaded TargetPlatform 'LinuxAArch64Client'
[2022.03.10-17.20.50:423][  0]LogTargetPlatformManager: Display: Loaded TargetPlatform 'LinuxAArch64Server'
[2022.03.10-17.20.50:445][  0]LogTargetPlatformManager: Display: Loaded TargetPlatform 'Lumin'
[2022.03.10-17.20.50:445][  0]LogTargetPlatformManager: Display: Loaded TargetPlatform 'LuminClient'
[2022.03.10-17.20.50:457][  0]LogTargetPlatformManager: Display: Loaded TargetPlatform 'TVOSClient'
[2022.03.10-17.20.50:457][  0]LogTargetPlatformManager: Display: Loaded TargetPlatform 'TVOS'
[2022.03.10-17.20.50:463][  0]LogTargetPlatformManager: Display: Loaded TargetPlatform 'WindowsNoEditor'
[2022.03.10-17.20.50:469][  0]LogTargetPlatformManager: Display: Loaded TargetPlatform 'Windows'
[2022.03.10-17.20.50:475][  0]LogTargetPlatformManager: Display: Loaded TargetPlatform 'WindowsClient'
[2022.03.10-17.20.50:481][  0]LogTargetPlatformManager: Display: Loaded TargetPlatform 'WindowsServer'
[2022.03.10-17.20.50:481][  0]LogTargetPlatformManager: Display: Building Assets For Windows
[2022.03.10-17.20.50:483][  0]LogAudioDebug: Display: Lib vorbis DLL was dynamically loaded.
[2022.03.10-17.20.50:501][  0]LogShaderCompilers: Guid format shader working directory is -45 characters bigger than the processId version (D:/Game_Design/goldsmiths class works/term2/game design/github/demoproject/gamedemoproject/Intermediate/Shaders/WorkingDirectory/17196/).
[2022.03.10-17.20.50:501][  0]LogShaderCompilers: Cleaned the shader compiler working directory 'C:/Users/vgane/AppData/Local/Temp/UnrealShaderWorkingDir/F1ED89324DE4E3C1918526A506AF2D64/'.
[2022.03.10-17.20.50:502][  0]LogXGEController: Cleaning working directory: C:/Users/vgane/AppData/Local/Temp/UnrealXGEWorkingDir/
[2022.03.10-17.20.50:502][  0]LogXGEController: Cannot use XGE Controller as Incredibuild is not installed on this machine.
[2022.03.10-17.20.50:502][  0]LogShaderCompilers: Cannot use XGE Shader Compiler as Incredibuild is not installed on this machine.
[2022.03.10-17.20.50:502][  0]LogShaderCompilers: Display: Using Local Shader Compiler.
[2022.03.10-17.20.51:044][  0]LogDerivedDataCache: Display: Max Cache Size: 512 MB
[2022.03.10-17.20.51:082][  0]LogDerivedDataCache: Loaded boot cache 0.04s 78MB C:/Users/vgane/AppData/Local/UnrealEngine/4.24/DerivedDataCache/Boot.ddc.
[2022.03.10-17.20.51:082][  0]LogDerivedDataCache: Display: Loaded Boot cache: C:/Users/vgane/AppData/Local/UnrealEngine/4.24/DerivedDataCache/Boot.ddc
[2022.03.10-17.20.51:082][  0]LogDerivedDataCache: FDerivedDataBackendGraph:  Pak pak cache file D:/Game_Design/goldsmiths class works/term2/game design/github/demoproject/gamedemoproject/DerivedDataCache/DDC.ddp not found, will not use a pak cache.
[2022.03.10-17.20.51:082][  0]LogDerivedDataCache: Unable to find inner node Pak for hierarchical cache Hierarchy.
[2022.03.10-17.20.51:082][  0]LogDerivedDataCache: FDerivedDataBackendGraph:  CompressedPak pak cache file D:/Game_Design/goldsmiths class works/term2/game design/github/demoproject/gamedemoproject/DerivedDataCache/Compressed.ddp not found, will not use a pak cache.
[2022.03.10-17.20.51:082][  0]LogDerivedDataCache: Unable to find inner node CompressedPak for hierarchical cache Hierarchy.
[2022.03.10-17.20.51:091][  0]LogDerivedDataCache: Display: Pak cache opened for reading ../../../Engine/DerivedDataCache/Compressed.ddp.
[2022.03.10-17.20.51:092][  0]LogDerivedDataCache: FDerivedDataBackendGraph:  EnterprisePak pak cache file ../../../Enterprise/DerivedDataCache/Compressed.ddp not found, will not use a pak cache.
[2022.03.10-17.20.51:092][  0]LogDerivedDataCache: Unable to find inner node EnterprisePak for hierarchical cache Hierarchy.
[2022.03.10-17.20.51:093][  0]LogDerivedDataCache: Using Local data cache path C:/Users/vgane/AppData/Local/UnrealEngine/Common/DerivedDataCache: Writable
[2022.03.10-17.20.51:093][  0]LogDerivedDataCache: Shared data cache path not found in *engine.ini, will not use an Shared cache.
[2022.03.10-17.20.51:093][  0]LogDerivedDataCache: Unable to find inner node Shared for hierarchical cache Hierarchy.
[2022.03.10-17.20.51:114][  0]LogMaterial: Verifying Global Shaders for PCD3D_SM5
[2022.03.10-17.20.51:116][  0]LogSlate: Using FreeType 2.10.0
[2022.03.10-17.20.51:116][  0]LogSlate: SlateFontServices - WITH_FREETYPE: 1, WITH_HARFBUZZ: 1
[2022.03.10-17.20.51:153][  0]LogAssetRegistry: FAssetRegistry took 0.0027 seconds to start up
[2022.03.10-17.20.51:393][  0]LogInit: Selected Device Profile: [Windows]
[2022.03.10-17.20.51:516][  0]LogMeshReduction: Using QuadricMeshReduction for automatic static mesh reduction
[2022.03.10-17.20.51:516][  0]LogMeshReduction: Using SimplygonMeshReduction for automatic skeletal mesh reduction
[2022.03.10-17.20.51:516][  0]LogMeshReduction: Using ProxyLODMeshReduction for automatic mesh merging
[2022.03.10-17.20.51:516][  0]LogMeshReduction: No distributed automatic mesh merging module available
[2022.03.10-17.20.51:516][  0]LogMeshMerging: No distributed automatic mesh merging module available
[2022.03.10-17.20.51:527][  0]LogNetVersion: gamedemoproject 1.0.0, NetCL: 10570792, EngineNetVer: 13, GameNetVer: 0 (Checksum: 987935395)
[2022.03.10-17.20.52:318][  0]LogPackageLocalizationCache: Processed 10 localized package path(s) for 1 prioritized culture(s) in 0.034191 seconds
[2022.03.10-17.20.52:327][  0]LogUObjectArray: 46750 objects as part of root set at end of initial load.
[2022.03.10-17.20.52:327][  0]LogUObjectAllocator: 8137160 out of 0 bytes used by permanent object pool.
[2022.03.10-17.20.52:327][  0]LogUObjectArray: CloseDisregardForGC: 0/0 objects in disregard for GC pool
[2022.03.10-17.20.52:665][  0]LogTcpMessaging: Initializing TcpMessaging bridge
[2022.03.10-17.20.52:668][  0]LogUdpMessaging: Initializing bridge on interface 0.0.0.0:0 to multicast group 230.0.0.1:6666.
[2022.03.10-17.20.52:715][  0]SourceControl: Source control is disabled
[2022.03.10-17.20.52:715][  0]SourceControl: Source control is disabled
[2022.03.10-17.20.52:716][  0]SourceControl: Source control is disabled
[2022.03.10-17.20.52:717][  0]SourceControl: Source control is disabled
[2022.03.10-17.20.52:717][  0]SourceControl: Source control is disabled
[2022.03.10-17.20.52:788][  0]LogAndroidPermission: UAndroidPermissionCallbackProxy::GetInstance
[2022.03.10-17.20.52:798][  0]LogAudioCaptureCore: Display: No Audio Capture implementations found. Audio input will be silent.
[2022.03.10-17.20.52:798][  0]LogAudioCaptureCore: Display: No Audio Capture implementations found. Audio input will be silent.
[2022.03.10-17.20.52:870][  0]LogOcInput: OculusInput pre-init called
[2022.03.10-17.20.52:876][  0]LogWindows: Failed to load 'OVRPlugin.dll' (GetLastError=126)
[2022.03.10-17.20.52:876][  0]LogWindows: File 'OVRPlugin.dll' does not exist
[2022.03.10-17.20.52:935][  0]LogEngine: Initializing Engine...
[2022.03.10-17.20.52:990][  0]LogHMD: Failed to initialize OpenVR with code 108
[2022.03.10-17.20.52:990][  0]LogStats: UGameplayTagsManager::InitializeManager -  0.000 s
[2022.03.10-17.20.53:259][  0]LogInit: Initializing FReadOnlyCVARCache
[2022.03.10-17.20.53:265][  0]LogAIModule: Creating AISystem for world Untitled
[2022.03.10-17.20.53:272][  0]LogAudioMixer: Display: Audio Mixer Platform Settings:
[2022.03.10-17.20.53:272][  0]LogAudioMixer: Display: 	Sample Rate:						  48000
[2022.03.10-17.20.53:272][  0]LogAudioMixer: Display: 	Callback Buffer Frame Size Requested: 1024
[2022.03.10-17.20.53:272][  0]LogAudioMixer: Display: 	Callback Buffer Frame Size To Use:	  1024
[2022.03.10-17.20.53:272][  0]LogAudioMixer: Display: 	Number of buffers to queue:			  2
[2022.03.10-17.20.53:272][  0]LogAudioMixer: Display: 	Max Channels (voices):				  32
[2022.03.10-17.20.53:272][  0]LogAudioMixer: Display: 	Number of Async Source Workers:		  0
[2022.03.10-17.20.53:272][  0]LogAudio: Display: AudioDevice MaxSources: 32
[2022.03.10-17.20.53:273][  0]LogAudio: Display: Using built-in audio occlusion.
[2022.03.10-17.20.53:273][  0]LogAudioMixer: Display: Initializing audio mixer.
[2022.03.10-17.20.53:281][  0]LogAudioMixer: Display: Audio Device Output Speaker Info:
[2022.03.10-17.20.53:281][  0]LogAudioMixer: Display: Name: Speakers (Realtek(R) Audio)
[2022.03.10-17.20.53:281][  0]LogAudioMixer: Display: Is Default: Yes
[2022.03.10-17.20.53:281][  0]LogAudioMixer: Display: Sample Rate: 48000
[2022.03.10-17.20.53:281][  0]LogAudioMixer: Display: Channel Count Used: 2
[2022.03.10-17.20.53:281][  0]LogAudioMixer: Display: Device Channel Count: 2
[2022.03.10-17.20.53:281][  0]LogAudioMixer: Display: Channel Order:
[2022.03.10-17.20.53:281][  0]LogAudioMixer: Display: 0: FrontLeft
[2022.03.10-17.20.53:281][  0]LogAudioMixer: Display: 1: FrontRight
[2022.03.10-17.20.53:457][  0]LogAudioMixer: Display: Using Audio Device Speakers (Realtek(R) Audio)
[2022.03.10-17.20.53:461][  0]LogInit: FAudioDevice initialized.
[2022.03.10-17.20.53:461][  0]LogNetVersion: Set ProjectVersion to 1.0.0.0. Version Checksum will be recalculated on next use.
[2022.03.10-17.20.53:512][  0]LogDerivedDataCache: Saved boot cache 0.05s 78MB C:/Users/vgane/AppData/Local/UnrealEngine/4.24/DerivedDataCache/Boot.ddc.
[2022.03.10-17.20.53:512][  0]LogInit: Texture streaming: Enabled
[2022.03.10-17.20.53:521][  0]LogEngineSessionManager: EngineSessionManager initialized
[2022.03.10-17.20.53:521][  0]LogEditorSessionSummary: Verbose: Initializing EditorSessionSummaryWriter for editor session tracking
[2022.03.10-17.20.53:522][  0]LogEditorSessionSummary: EditorSessionSummaryWriter initialized
[2022.03.10-17.20.53:552][  0]LogInit: Transaction tracking system initialized
[2022.03.10-17.20.53:560][  0]BlueprintLog: New page: Editor Load
[2022.03.10-17.20.53:585][  0]LocalizationService: Localization service is disabled
[2022.03.10-17.20.53:805][  0]LogFileCache: Scanning file cache for directory 'D:/Game_Design/goldsmiths class works/term2/game design/github/demoproject/gamedemoproject/Content/' took 0.00s
[2022.03.10-17.20.53:805][  0]LogCook: Display: Max memory allowance for cook 16384mb min free memory 0mb
[2022.03.10-17.20.53:805][  0]LogCook: Display: Mobile HDR setting 1
[2022.03.10-17.20.54:277][  0]SourceControl: Source control is disabled
[2022.03.10-17.20.54:277][  0]Cmd: MAP LOAD FILE="D:/Game_Design/goldsmiths class works/term2/game design/github/demoproject/gamedemoproject/Content/maps/demomaps.umap" TEMPLATE=0 SHOWPROGRESS=1 FEATURELEVEL=3
[2022.03.10-17.20.54:277][  0]LightingResults: New page: Lighting Build
[2022.03.10-17.20.54:277][  0]LogWorld: UWorld::CleanupWorld for Untitled, bSessionEnded=true, bCleanupResources=true
[2022.03.10-17.20.54:278][  0]LogSlate: InvalidateAllWidgets triggered.  All widgets were invalidated
[2022.03.10-17.20.54:278][  0]MapCheck: New page: Map Check
[2022.03.10-17.20.54:278][  0]LightingResults: New page: Lighting Build
[2022.03.10-17.20.54:302][  0]LogUObjectHash: Compacting FUObjectHashTables data took   1.67ms
[2022.03.10-17.20.54:397][  0]LogAIModule: Creating AISystem for world demomaps
[2022.03.10-17.20.54:400][  0]LogEditorServer: Finished looking for orphan Actors (0.000 secs)
[2022.03.10-17.20.54:423][  0]LogUObjectHash: Compacting FUObjectHashTables data took   1.98ms
[2022.03.10-17.20.54:423][  0]Cmd: MAP CHECKDEP NOCLEARLOG
[2022.03.10-17.20.54:424][  0]MapCheck: Map check complete: 0 Error(s), 0 Warning(s), took 0.112ms to complete.
[2022.03.10-17.20.54:424][  0]LogFileHelpers: Loading map 'demomaps' took 0.147
[2022.03.10-17.20.54:533][  0]LogSlate: Updating window title bar state: overlay mode, drag disabled, window buttons hidden, title bar hidden
[2022.03.10-17.20.54:540][  0]LogSlate: Updating window title bar state: overlay mode, drag disabled, window buttons hidden, title bar hidden
[2022.03.10-17.20.54:545][  0]LogSlate: Updating window title bar state: overlay mode, drag disabled, window buttons hidden, title bar hidden
[2022.03.10-17.20.54:551][  0]LogSlate: Updating window title bar state: overlay mode, drag disabled, window buttons hidden, title bar hidden
[2022.03.10-17.20.54:554][  0]LogCollectionManager: Loaded 0 collections in 0.001332 seconds
[2022.03.10-17.20.54:565][  0]LogFileCache: Scanning file cache for directory 'D:/Game_Design/goldsmiths class works/term2/game design/github/demoproject/gamedemoproject/Saved/Collections/' took 0.00s
[2022.03.10-17.20.54:565][  0]LogFileCache: Scanning file cache for directory 'D:/Game_Design/goldsmiths class works/term2/game design/github/demoproject/gamedemoproject/Content/Developers/vgane/Collections/' took 0.00s
[2022.03.10-17.20.54:565][  0]LogFileCache: Scanning file cache for directory 'D:/Game_Design/goldsmiths class works/term2/game design/github/demoproject/gamedemoproject/Content/Collections/' took 0.00s
[2022.03.10-17.20.54:565][  0]LogContentBrowser: Native class hierarchy populated in 0.0075 seconds. Added 3017 classes and 720 folders.
[2022.03.10-17.20.54:567][  0]LogContentBrowser: Native class hierarchy updated for 'WidgetCarousel' in 0.0002 seconds. Added 0 classes and 0 folders.
[2022.03.10-17.20.54:604][  0]LogContentBrowser: Native class hierarchy updated for 'AddContentDialog' in 0.0002 seconds. Added 0 classes and 0 folders.
[2022.03.10-17.20.54:671][  0]LogSlate: Took 0.000168 seconds to synchronously load lazily loaded font '../../../Engine/Content/Slate/Fonts/Roboto-Regular.ttf' (155K)
[2022.03.10-17.20.54:675][  0]LogSlate: Took 0.000201 seconds to synchronously load lazily loaded font '../../../Engine/Content/Slate/Fonts/Roboto-Bold.ttf' (160K)
[2022.03.10-17.20.54:677][  0]LogSlate: Took 0.000157 seconds to synchronously load lazily loaded font '../../../Engine/Content/Editor/Slate/Fonts/FontAwesome.ttf' (139K)
[2022.03.10-17.20.54:726][  0]LogRenderer: Reallocating scene render targets to support 868x304 Format 10 NumSamples 1 (Frame:1).
[2022.03.10-17.20.54:883][  0]LogContentBrowser: Native class hierarchy updated for 'HierarchicalLODOutliner' in 0.0005 seconds. Added 0 classes and 0 folders.
[2022.03.10-17.20.54:884][  0]LogLoad: (Engine Initialization) Total time: 13.62 seconds
[2022.03.10-17.20.54:884][  0]LogLoad: (Engine Initialization) Total Blueprint compile time: 0.00 seconds
[2022.03.10-17.20.54:920][  0]LogAssetRegistry: Asset discovery search completed in 3.7690 seconds
[2022.03.10-17.20.54:922][  0]LogCollectionManager: Fixed up redirectors for 0 collections in 0.000007 seconds (updated 0 objects)
[2022.03.10-17.20.54:924][  0]LogContentStreaming: Texture pool size now 1000 MB
[2022.03.10-17.22.51:472][539]LogSlate: Took 0.000251 seconds to synchronously load lazily loaded font '../../../Engine/Content/Slate/Fonts/Roboto-Light.ttf' (167K)
[2022.03.10-17.22.51:495][539]LogAssetEditorSubsystem: Opening Asset editor for Blueprint /Game/actor/partical_blueprint.partical_blueprint
[2022.03.10-17.22.51:683][539]LogContentBrowser: Native class hierarchy updated for 'BlueprintGraph' in 0.0004 seconds. Added 121 classes and 0 folders.
[2022.03.10-17.22.52:346][539]LogSlate: Took 0.000204 seconds to synchronously load lazily loaded font '../../../Engine/Content/Slate/Fonts/Roboto-BoldCondensed.ttf' (158K)
[2022.03.10-17.22.52:392][540]LogSlate: Took 0.000196 seconds to synchronously load lazily loaded font '../../../Engine/Content/Slate/Fonts/Roboto-Italic.ttf' (157K)
[2022.03.10-17.25.56:912][463]LogSlate: Took 0.005749 seconds to synchronously load lazily loaded font '../../../Engine/Content/Slate/Fonts/Roboto-BoldCondensedItalic.ttf' (160K)
[2022.03.10-17.26.23:235][402]LogSavePackage: Moving 'D:/Game_Design/goldsmiths class works/term2/game design/github/demoproject/gamedemoproject/Saved/partical_blueprint96F99A304076823198BB7699678A5F40.tmp' to 'D:/Game_Design/goldsmiths class works/term2/game design/github/demoproject/gamedemoproject/Content/actor/partical_blueprint.uasset'
[2022.03.10-17.26.23:249][402]AssetCheck: New page: Asset Save: partical_blueprint
[2022.03.10-17.26.23:249][402]LogContentValidation: Display: Validating Blueprint /Game/actor/partical_blueprint.partical_blueprint
[2022.03.10-17.26.27:613][664]BlueprintLog: New page: Compile partical_blueprint
[2022.03.10-17.26.27:821][664]LogUObjectHash: Compacting FUObjectHashTables data took   3.42ms
[2022.03.10-17.26.38:632][302]LogSavePackage: Moving 'D:/Game_Design/goldsmiths class works/term2/game design/github/demoproject/gamedemoproject/Saved/partical_blueprint3838590146D7E50D1E61D99DDD749642.tmp' to 'D:/Game_Design/goldsmiths class works/term2/game design/github/demoproject/gamedemoproject/Content/actor/partical_blueprint.uasset'
[2022.03.10-17.26.38:645][302]AssetCheck: New page: Asset Save: partical_blueprint
[2022.03.10-17.26.38:645][302]LogContentValidation: Display: Validating Blueprint /Game/actor/partical_blueprint.partical_blueprint
[2022.03.10-17.26.55:390][266]BlueprintLog: New page: Compile partical_blueprint
[2022.03.10-17.26.55:588][266]LogUObjectHash: Compacting FUObjectHashTables data took   3.02ms
[2022.03.10-17.26.56:040][288]LogSavePackage: Moving 'D:/Game_Design/goldsmiths class works/term2/game design/github/demoproject/gamedemoproject/Saved/partical_blueprintCCE715314851AB4AD91E8A86ADA1643A.tmp' to 'D:/Game_Design/goldsmiths class works/term2/game design/github/demoproject/gamedemoproject/Content/actor/partical_blueprint.uasset'
[2022.03.10-17.26.56:053][288]AssetCheck: New page: Asset Save: partical_blueprint
[2022.03.10-17.26.56:053][288]LogContentValidation: Display: Validating Blueprint /Game/actor/partical_blueprint.partical_blueprint
[2022.03.10-17.26.58:390][420]LogSlate: Window 'partical_blueprint' being destroyed
[2022.03.10-17.27.00:514][544]LogUObjectHash: Compacting FUObjectHashTables data took   2.95ms
[2022.03.10-17.27.00:525][544]LogSavePackage: Moving 'D:/Game_Design/goldsmiths class works/term2/game design/github/demoproject/gamedemoproject/Saved/demomaps60CDC8564F1B0A8DA813AFBEFB1E03BF.tmp' to 'D:/Game_Design/goldsmiths class works/term2/game design/github/demoproject/gamedemoproject/Content/maps/demomaps.umap'
[2022.03.10-17.27.00:548][544]LogSavePackage: Moving 'D:/Game_Design/goldsmiths class works/term2/game design/github/demoproject/gamedemoproject/Saved/demomaps_BuiltData8FFBE80143BBD65EB961FE99CC8AC5DE.tmp' to 'D:/Game_Design/goldsmiths class works/term2/game design/github/demoproject/gamedemoproject/Content/maps/demomaps_BuiltData.uasset'
[2022.03.10-17.27.00:564][544]AssetCheck: New page: Asset Save: multiple assets
[2022.03.10-17.27.00:564][544]LogContentValidation: Display: Validating World /Game/maps/demomaps.demomaps
[2022.03.10-17.27.00:564][544]LogContentValidation: Display: Validating MapBuildDataRegistry /Game/maps/demomaps_BuiltData.demomaps_BuiltData
[2022.03.10-17.27.01:791][614]LogTemp: Repeating last play command: Selected Viewport
[2022.03.10-17.27.01:799][614]LogPlayLevel: PlayLevel: No blueprints needed recompiling
[2022.03.10-17.27.01:800][614]PIE: New page: PIE session: demomaps (10-Mar-2022, 5:27:01 pm)
[2022.03.10-17.27.01:801][614]LogOnline: OSS: Creating online subsystem instance for: NULL
[2022.03.10-17.27.01:802][614]LogOnline: OSS: TryLoadSubsystemAndSetDefault: Loaded subsystem for module [NULL]
[2022.03.10-17.27.01:802][614]LogPlayLevel: Creating play world package: /Game/maps/UEDPIE_0_demomaps
[2022.03.10-17.27.01:804][614]LogPlayLevel: PIE: StaticDuplicateObject took: (0.002194s)
[2022.03.10-17.27.01:805][614]LogAIModule: Creating AISystem for world demomaps
[2022.03.10-17.27.01:805][614]LogPlayLevel: PIE: World Init took: (0.001090s)
[2022.03.10-17.27.01:805][614]LogPlayLevel: PIE: Created PIE world by copying editor world from /Game/maps/demomaps.demomaps to /Game/maps/UEDPIE_0_demomaps.demomaps (0.003461s)
[2022.03.10-17.27.01:839][614]LogUObjectHash: Compacting FUObjectHashTables data took   2.74ms
[2022.03.10-17.27.01:839][614]LogAudioMixer: Display: Audio Mixer Platform Settings:
[2022.03.10-17.27.01:839][614]LogAudioMixer: Display: 	Sample Rate:						  48000
[2022.03.10-17.27.01:839][614]LogAudioMixer: Display: 	Callback Buffer Frame Size Requested: 1024
[2022.03.10-17.27.01:839][614]LogAudioMixer: Display: 	Callback Buffer Frame Size To Use:	  1024
[2022.03.10-17.27.01:839][614]LogAudioMixer: Display: 	Number of buffers to queue:			  2
[2022.03.10-17.27.01:839][614]LogAudioMixer: Display: 	Max Channels (voices):				  32
[2022.03.10-17.27.01:839][614]LogAudioMixer: Display: 	Number of Async Source Workers:		  0
[2022.03.10-17.27.01:839][614]LogAudio: Display: AudioDevice MaxSources: 32
[2022.03.10-17.27.01:839][614]LogAudio: Display: Using built-in audio occlusion.
[2022.03.10-17.27.01:839][614]LogAudioMixer: Display: Initializing audio mixer.
[2022.03.10-17.27.01:844][614]LogAudioMixer: Display: Audio Device Output Speaker Info:
[2022.03.10-17.27.01:844][614]LogAudioMixer: Display: Name: Speakers (Realtek(R) Audio)
[2022.03.10-17.27.01:844][614]LogAudioMixer: Display: Is Default: Yes
[2022.03.10-17.27.01:844][614]LogAudioMixer: Display: Sample Rate: 48000
[2022.03.10-17.27.01:844][614]LogAudioMixer: Display: Channel Count Used: 2
[2022.03.10-17.27.01:844][614]LogAudioMixer: Display: Device Channel Count: 2
[2022.03.10-17.27.01:844][614]LogAudioMixer: Display: Channel Order:
[2022.03.10-17.27.01:844][614]LogAudioMixer: Display: 0: FrontLeft
[2022.03.10-17.27.01:844][614]LogAudioMixer: Display: 1: FrontRight
[2022.03.10-17.27.01:859][614]LogAudioMixer: Display: Using Audio Device Speakers (Realtek(R) Audio)
[2022.03.10-17.27.01:861][614]LogInit: FAudioDevice initialized.
[2022.03.10-17.27.01:873][614]LogLoad: Game class is 'GameModeBase'
[2022.03.10-17.27.01:874][614]LogWorld: Bringing World /Game/maps/UEDPIE_0_demomaps.demomaps up for play (max tick rate 60) at 2022.03.10-17.27.01
[2022.03.10-17.27.01:874][614]LogWorld: Bringing up level for play took: 0.000471
[2022.03.10-17.27.01:875][614]LogOnline: OSS: Creating online subsystem instance for: :Context_3
[2022.03.10-17.27.01:881][614]LogContentBrowser: Native class hierarchy updated for 'MovieSceneCapture' in 0.0003 seconds. Added 20 classes and 0 folders.
[2022.03.10-17.27.01:881][614]PIE: Play in editor start time for /Game/maps/UEDPIE_0_demomaps -0.007
[2022.03.10-17.27.06:392][870]LogAudioMixer: Display: No commands were queued while flushing the source manager.
[2022.03.10-17.27.06:392][870]LogAudioMixer: Display: No commands were queued while flushing the source manager.
[2022.03.10-17.27.06:392][870]LogSlate: Updating window title bar state: overlay mode, drag disabled, window buttons hidden, title bar hidden
[2022.03.10-17.27.06:392][870]LogWorld: BeginTearingDown for /Game/maps/UEDPIE_0_demomaps
[2022.03.10-17.27.06:392][870]LogAudioMixer: Display: No commands were queued while flushing the source manager.
[2022.03.10-17.27.06:392][870]LogWorld: UWorld::CleanupWorld for demomaps, bSessionEnded=true, bCleanupResources=true
[2022.03.10-17.27.06:392][870]LogSlate: InvalidateAllWidgets triggered.  All widgets were invalidated
[2022.03.10-17.27.06:404][870]LogPlayLevel: Display: Shutting down PIE online subsystems
[2022.03.10-17.27.06:408][870]LogSlate: InvalidateAllWidgets triggered.  All widgets were invalidated
[2022.03.10-17.27.06:445][870]LogAudioMixer: Display: No commands were queued while flushing the source manager.
[2022.03.10-17.27.06:448][870]LogSlate: Updating window title bar state: overlay mode, drag disabled, window buttons hidden, title bar hidden
[2022.03.10-17.27.06:466][870]LogUObjectHash: Compacting FUObjectHashTables data took   3.55ms
[2022.03.10-17.27.06:499][872]LogPlayLevel: Display: Destroying online subsystem :Context_3
